{
  "RSpec": {
    "coverage": {
      "/Users/jcasimir/Projects/event_reporter/eventmanager.rb": [
        1,
        1,
        1,
        1,
        null,
        1,
        1,
        null,
        1,
        null,
        1,
        0,
        null,
        null,
        1,
        0,
        0,
        null,
        null,
        null,
        1,
        0,
        0,
        null,
        null,
        null,
        1,
        0,
        0,
        null,
        null,
        null,
        1,
        null,
        1,
        0,
        null,
        null,
        null,
        null,
        null,
        null,
        null,
        null
      ],
      "/Users/jcasimir/Projects/event_reporter/lib/attendee.rb": [
        1,
        null,
        1,
        1,
        0,
        null,
        null,
        null,
        1,
        1,
        0,
        null,
        null,
        1,
        0,
        null,
        null,
        null,
        1,
        null,
        1,
        null,
        0,
        null,
        null,
        1,
        0,
        null,
        null,
        1,
        0,
        null,
        null,
        1,
        0,
        null,
        null,
        null,
        null
      ],
      "/Users/jcasimir/Projects/event_reporter/lib/command.rb": [
        1,
        1,
        1,
        1,
        null,
        1,
        1,
        1,
        null,
        null,
        null,
        null,
        null,
        null,
        null,
        null,
        null,
        1,
        3,
        null,
        null,
        1,
        0,
        null,
        null,
        1,
        0,
        null,
        null,
        1,
        3,
        0,
        3,
        3,
        0,
        0,
        0,
        0,
        null,
        0,
        null,
        null,
        null,
        1,
        0,
        null,
        null,
        null
      ],
      "/Users/jcasimir/Projects/event_reporter/lib/data_parser.rb": [
        1,
        1,
        1,
        0,
        null,
        null,
        1,
        0,
        null,
        null,
        null
      ],
      "/Users/jcasimir/Projects/event_reporter/lib/help.rb": [
        1,
        1,
        1,
        0,
        null,
        null,
        1,
        0,
        null,
        null,
        null
      ],
      "/Users/jcasimir/Projects/event_reporter/lib/event_reporter/queue.rb": [
        1,
        1,
        1,
        null,
        1,
        4,
        null,
        null,
        1,
        6,
        3,
        null,
        3,
        null,
        null,
        null,
        1,
        2,
        null,
        null,
        1,
        null,
        1,
        12,
        null,
        null,
        1,
        11,
        2,
        9,
        4,
        5,
        3,
        null,
        2,
        null,
        null,
        null,
        null,
        null
      ],
      "/Users/jcasimir/Projects/event_reporter/lib/search.rb": [
        1,
        1,
        1,
        0,
        null,
        null,
        1,
        null,
        0,
        null,
        null,
        null
      ],
      "/Users/jcasimir/Projects/event_reporter/spec/event_manager_spec.rb": [
        1,
        null,
        1,
        null
      ],
      "/Users/jcasimir/Projects/event_reporter/spec/queue_spec.rb": [
        1,
        1,
        null,
        1,
        1,
        1,
        1,
        1,
        1,
        null,
        null,
        1,
        1,
        1,
        null,
        null,
        1,
        1,
        1,
        null,
        null,
        1,
        1,
        1,
        null,
        null,
        1,
        1,
        1,
        null,
        null,
        null,
        1,
        1,
        null,
        null,
        null,
        null,
        null,
        null,
        6,
        6,
        null,
        null,
        null,
        null,
        null,
        1,
        1,
        3,
        3,
        1,
        null,
        1,
        1,
        1,
        null,
        null,
        null,
        1,
        1,
        1,
        1,
        null,
        1,
        1,
        null,
        null,
        null,
        null,
        null,
        1,
        1,
        1,
        1,
        1,
        1,
        null,
        1,
        1,
        null,
        null,
        null,
        1,
        1,
        1,
        null,
        1,
        1,
        null,
        null,
        null,
        null,
        null
      ],
      "/Users/jcasimir/Projects/event_reporter/spec/fabricators/attendee_fabricator.rb": [
        null,
        null,
        null,
        null
      ],
      "/Users/jcasimir/Projects/event_reporter/spec/fabricators/queue_fabricator.rb": [
        1,
        null,
        1,
        3,
        1,
        null,
        null,
        1,
        1,
        null
      ]
    },
    "timestamp": 1332785345
  }
}
